==25530== Profiling result:
            Type  Time(%)      Time     Calls       Avg       Min       Max  Name
 GPU activities:   57.27%  40.5793s        16  2.53621s  2.50036s  2.56996s  void cudnn::detail::implicit_convolveNd_sgemm<float, int=3, int=1024, int=5, int=5, int=3, int=3, int=3, int=1, bool=1, bool=0, bool=0>(int, int, int, float const *, int, cudnn::detail::implicit_convolveNd_sgemm<float, int=3, int=1024, int=5, int=5, int=3, int=3, int=3, int=1, bool=1, bool=0, bool=0>*, float const *, kernel_convNd_params, int, float, float, int, float const *, float const *)
                   28.14%  19.9421s       560  35.611ms  30.176us  133.93ms  void genericReformat::copyPackedKernel<float, float, bool=0, bool=1, genericReformat::IdentityCoordMapper<int=5>, int=5>(unsigned int, unsigned int, void const *, genericReformat::ArrayN<genericReformat::IdentityCoordMapper<int=5>>, genericReformat::ArrayNWithReducedDivisors<genericReformat::IdentityCoordMapper<int=5>>, genericReformat::ArrayN, int, int, int, float const *, void*, genericReformat::ArrayN, genericReformat::ArrayNWithReducedDivisors, genericReformat::ArrayNWithReducedDivisors, genericReformat::ArrayN, int, int, int, float const , int=5)
                    5.17%  3.66144s       144  25.427ms  4.9889ms  80.370ms  maxwell_scudnn_128x64_stridedB_splitK_interior_nn
                    4.99%  3.53498s        96  36.823ms  3.5502ms  68.941ms  maxwell_scudnn_128x32_stridedB_splitK_interior_nn
                    2.54%  1.80123s        48  37.526ms  33.979ms  43.396ms  void cuPoolingNd::pooling_NCDHW<float>(float const *, cuPoolingNd::pooling_NCDHW<float>*, int, int, nvinfer1::Dims, nvinfer1, cuPoolingNd::pooling_NCDHW<float>*PoolingParameters, cuPoolingNd::pooling_NCDHW<float>*rt::reduced_divisor, cuPoolingNd::pooling_NCDHW<float>*rt, cuPoolingNd::pooling_NCDHW<float>*rt)
                    0.79%  560.12ms       256  2.1880ms  23.040us  5.6507ms  void cuEltwise::eltwise<cuEltwise::SimpleAlgo<float, float>, cuEltwise::Compute<nvinfer1::ElementWiseOperation>>(cuEltwise::LaunchParams)
                    0.36%  254.86ms        64  3.9822ms  2.3963ms  5.6356ms  void cuSliceLayer::naiveSlice<float>(cuSliceLayer::KernelArgs<float>)
                    0.31%  221.89ms       128  1.7335ms  752.77us  2.9854ms  void genericReformat::copyPackedKernel<float, float, bool=1, bool=1, genericReformat::IdentityCoordMapper<int=4>, int=4>(unsigned int, unsigned int, void const *, genericReformat::ArrayN<genericReformat::IdentityCoordMapper<int=4>>, genericReformat::ArrayNWithReducedDivisors<genericReformat::IdentityCoordMapper<int=4>>, genericReformat::ArrayN, int, int, int, float const *, void*, genericReformat::ArrayN, genericReformat::ArrayNWithReducedDivisors, genericReformat::ArrayNWithReducedDivisors, genericReformat::ArrayN, int, int, int, float const , int=4)
                    0.30%  209.33ms       240  872.22us  334.98us  2.7103ms  void cudnn::maxwell::gemm::setOutputKernel<float>(unsigned long, float*, float)
                    0.07%  49.110ms        16  3.0694ms  3.0006ms  3.1154ms  void cuEltwise::eltwise<cuEltwise::StripMineAlgo<float, float>, cuEltwise::Compute<nvinfer1::ElementWiseOperation>>(cuEltwise::LaunchParams)
                    0.03%  20.719ms        16  1.2949ms  1.2537ms  1.4628ms  void cudnn::detail::implicit_convolveNd_sgemm<float, int=3, int=1024, int=5, int=5, int=3, int=3, int=3, int=1, bool=1, bool=0, bool=1>(int, int, int, float const *, int, cudnn::detail::implicit_convolveNd_sgemm<float, int=3, int=1024, int=5, int=5, int=3, int=3, int=3, int=1, bool=1, bool=0, bool=1>*, float const *, kernel_convNd_params, int, float, float, int, float const *, float const *)
                    0.02%  13.347ms       240  55.613us  23.104us  122.37us  cudnn::maxwell::gemm::computeOffsetsKernel(cudnn::maxwell::gemm::ComputeOffsetsParams)
                    0.01%  7.6006ms        21  361.93us     640ns  840.90us  [CUDA memcpy HtoD]
                    0.00%  3.0638ms        16  191.48us  191.39us  191.91us  [CUDA memcpy DtoH]
                    0.00%  547.94us        16  34.246us  33.536us  35.968us  void cuScale::scale<float, float, bool=0, cuScale::Mode, bool=0, bool=0, bool=0, int=4, nvinfer1::FusedActType>(float const *, cuScale::scale<float, float, bool=0, cuScale::Mode, bool=0, bool=0, bool=0, int=4, nvinfer1::FusedActType>*, cuScale::KernelParameters<cuScale::scale<float, float, bool=0, cuScale::Mode, bool=0, bool=0, bool=0, int=4, nvinfer1::FusedActType>>, nvinfer1::rt::reduced_divisor, nvinfer1::rt, nvinfer1::rt, nvinfer1::rt, nvinfer1::rt)
                    0.00%  348.74us        16  21.796us  21.248us  22.496us  void Eigen::internal::EigenMetaKernel<Eigen::TensorEvaluator<Eigen::TensorAssignOp<Eigen::TensorMap<Eigen::Tensor<float, int=1, int=1, long>, int=16, Eigen::MakePointer>, Eigen::TensorCwiseBinaryOp<Eigen::internal::scalar_max_op<float const , float const >, Eigen::TensorMap<Eigen::Tensor<float const , int=1, int=1, long>, int=16, Eigen::MakePointer> const , Eigen::TensorCwiseNullaryOp<Eigen::internal::scalar_constant_op<float const >, Eigen::TensorMap<Eigen::Tensor<float const , int=1, int=1, long>, int=16, Eigen::MakePointer> const > const > const > const , Eigen::GpuDevice>, long>(float, int=1)
                    0.00%  343.74us       240  1.4320us  1.1200us  2.1440us  cudnn::maxwell::gemm::computeBOffsetsKernel(cudnn::maxwell::gemm::ComputeBOffsetsParams)
                    0.00%  320.16us       249  1.2850us     544ns  10.272us  [CUDA memset]
